<?xml version="1.0" encoding="UTF-8"?>
<testsuite name="com.argyads.demo.ExampleUnitTest" tests="1" skipped="0" failures="0" errors="0" timestamp="2025-03-06T23:28:29" hostname="BENJAMIN" time="0.002">
  <properties/>
  <testcase name="addition_isCorrect" classname="com.argyads.demo.ExampleUnitTest" time="0.002"/>
  <system-out><![CDATA[]]></system-out>
  <system-err><![CDATA[]]></system-err>
</testsuite>
